<?xml version="1.0" encoding="UTF-8"?>
<testsuite xmlns:xsi="http://www.w3.org/2001/XMLSchema-instance" xsi:noNamespaceSchemaLocation="https://maven.apache.org/surefire/maven-surefire-plugin/xsd/surefire-test-report.xsd" version="3.0.2" name="com.website.rajtharan.RajtharanApplicationTests" time="7.454" tests="1" errors="0" skipped="0" failures="0">
  <properties>
[...]
</properties>
  <testcase name="contextLoads" classname="com.website.rajtharan.RajtharanApplicationTests" time="1.765">
    <system-out><![CDATA[19:18:59.275 [main] INFO org.springframework.test.context.support.AnnotationConfigContextLoaderUtils -- Could not detect default configuration classes for test class [com.website.rajtharan.RajtharanApplicationTests]: RajtharanApplicationTests does not declare any static, non-private, non-final, nested classes annotated with @Configuration.
19:18:59.772 [main] INFO org.springframework.boot.test.context.SpringBootTestContextBootstrapper -- Found @SpringBootConfiguration com.website.rajtharan.RajtharanApplication for test class com.website.rajtharan.RajtharanApplicationTests

  .   ____          _            __ _ _
 /\\ / ___'_ __ _ _(_)_ __  __ _ \ \ \ \
( ( )\___ | '_ | '_| | '_ \/ _` | \ \ \ \
 \\/  ___)| |_)| | | | | || (_| |  ) ) ) )
  '  |____| .__|_| |_|_| |_\__, | / / / /
 =========|_|==============|___/=/_/_/_/

 :: Spring Boot ::                (v3.4.5)

2025-05-07T19:19:01.517+05:30  INFO 14316 --- [rajtharan] [           main] c.w.rajtharan.RajtharanApplicationTests  : Starting RajtharanApplicationTests using Java 24.0.1 with PID 14316 (started by USER in C:\Users\USER\OneDrive\Desktop\rajtharan\rajtharan)
2025-05-07T19:19:01.520+05:30  INFO 14316 --- [rajtharan] [           main] c.w.rajtharan.RajtharanApplicationTests  : No active profile set, falling back to 1 default profile: "default"
2025-05-07T19:19:04.445+05:30  INFO 14316 --- [rajtharan] [           main] c.w.rajtharan.RajtharanApplicationTests  : Started RajtharanApplicationTests in 4.092 seconds (process running for 7.539)
]]></system-out>
    <system-err><![CDATA[Mockito is currently self-attaching to enable the inline-mock-maker. This will no longer work in future releases of the JDK. Please add Mockito as an agent to your build what is described in Mockito's documentation: https://javadoc.io/doc/org.mockito/mockito-core/latest/org/mockito/Mockito.html#0.3
WARNING: A Java agent has been loaded dynamically (C:\Users\USER\.m2\repository\net\bytebuddy\byte-buddy-agent\1.15.11\byte-buddy-agent-1.15.11.jar)
WARNING: If a serviceability tool is in use, please run with -XX:+EnableDynamicAgentLoading to hide this warning
WARNING: If a serviceability tool is not in use, please run with -Djdk.instrument.traceUsage for more information
WARNING: Dynamic loading of agents will be disallowed by default in a future release
]]></system-err>
  </testcase>
</testsuite>